{"/Users/kabouelrous/Documents/Capstone/Khalid new/BackEnd/config.js": {"path":"/Users/kabouelrous/Documents/Capstone/Khalid new/BackEnd/config.js","statementMap":{"0":{"start":{"line":1,"column":0},"end":{"line":1,"column":27}},"1":{"start":{"line":2,"column":0},"end":{"line":2,"column":18}},"2":{"start":{"line":4,"column":13},"end":{"line":4,"column":63}},"3":{"start":{"line":8,"column":16},"end":{"line":8,"column":33}},"4":{"start":{"line":9,"column":2},"end":{"line":9,"column":35}},"5":{"start":{"line":10,"column":2},"end":{"line":10,"column":15}},"6":{"start":{"line":13,"column":27},"end":{"line":13,"column":28}},"7":{"start":{"line":15,"column":0},"end":{"line":15,"column":38}},"8":{"start":{"line":16,"column":0},"end":{"line":16,"column":32}},"9":{"start":{"line":17,"column":0},"end":{"line":17,"column":59}},"10":{"start":{"line":18,"column":0},"end":{"line":18,"column":48}},"11":{"start":{"line":19,"column":0},"end":{"line":19,"column":19}},"12":{"start":{"line":21,"column":0},"end":{"line":25,"column":2}}},"fnMap":{"0":{"name":"getDatabaseUri","decl":{"start":{"line":7,"column":9},"end":{"line":7,"column":23}},"loc":{"start":{"line":7,"column":26},"end":{"line":11,"column":1}},"line":7}},"branchMap":{"0":{"loc":{"start":{"line":4,"column":13},"end":{"line":4,"column":63}},"type":"cond-expr","locations":[{"start":{"line":4,"column":32},"end":{"line":4,"column":56}},{"start":{"line":4,"column":59},"end":{"line":4,"column":63}}],"line":4}},"s":{"0":2,"1":2,"2":2,"3":3,"4":3,"5":3,"6":2,"7":2,"8":2,"9":2,"10":2,"11":2,"12":2},"f":{"0":3},"b":{"0":[0,2]},"_coverageSchema":"1a1c01bbd47fc00a2c39e90264f33305004495a9","hash":"ce72f12a1f5d0167ea9ab79963b51c75c8267939"}
,"/Users/kabouelrous/Documents/Capstone/Khalid new/BackEnd/db.js": {"path":"/Users/kabouelrous/Documents/Capstone/Khalid new/BackEnd/db.js","statementMap":{"0":{"start":{"line":1,"column":19},"end":{"line":1,"column":32}},"1":{"start":{"line":2,"column":27},"end":{"line":2,"column":46}},"2":{"start":{"line":3,"column":0},"end":{"line":3,"column":18}},"3":{"start":{"line":5,"column":11},"end":{"line":8,"column":2}},"4":{"start":{"line":10,"column":0},"end":{"line":16,"column":3}},"5":{"start":{"line":11,"column":2},"end":{"line":15,"column":3}},"6":{"start":{"line":12,"column":4},"end":{"line":12,"column":49}},"7":{"start":{"line":14,"column":4},"end":{"line":14,"column":69}},"8":{"start":{"line":18,"column":0},"end":{"line":18,"column":20}}},"fnMap":{"0":{"name":"(anonymous_0)","decl":{"start":{"line":10,"column":11},"end":{"line":10,"column":12}},"loc":{"start":{"line":10,"column":20},"end":{"line":16,"column":1}},"line":10}},"branchMap":{"0":{"loc":{"start":{"line":11,"column":2},"end":{"line":15,"column":3}},"type":"if","locations":[{"start":{"line":11,"column":2},"end":{"line":15,"column":3}},{"start":{"line":13,"column":9},"end":{"line":15,"column":3}}],"line":11}},"s":{"0":1,"1":1,"2":1,"3":1,"4":1,"5":1,"6":0,"7":1,"8":1},"f":{"0":1},"b":{"0":[0,1]},"_coverageSchema":"1a1c01bbd47fc00a2c39e90264f33305004495a9","hash":"bd0c070fd5dbdb0f02052e39734255df79669742"}
,"/Users/kabouelrous/Documents/Capstone/Khalid new/BackEnd/errors.js": {"path":"/Users/kabouelrous/Documents/Capstone/Khalid new/BackEnd/errors.js","statementMap":{"0":{"start":{"line":3,"column":4},"end":{"line":3,"column":19}},"1":{"start":{"line":4,"column":4},"end":{"line":4,"column":34}},"2":{"start":{"line":5,"column":4},"end":{"line":5,"column":26}},"3":{"start":{"line":11,"column":0},"end":{"line":13,"column":2}}},"fnMap":{"0":{"name":"(anonymous_0)","decl":{"start":{"line":2,"column":2},"end":{"line":2,"column":3}},"loc":{"start":{"line":2,"column":23},"end":{"line":6,"column":3}},"line":2}},"branchMap":{},"s":{"0":5,"1":5,"2":5,"3":1},"f":{"0":5},"b":{},"_coverageSchema":"1a1c01bbd47fc00a2c39e90264f33305004495a9","hash":"8dd0b04bfab95a747373872adf49e33fdd601aa0"}
,"/Users/kabouelrous/Documents/Capstone/Khalid new/BackEnd/models/user.js": {"path":"/Users/kabouelrous/Documents/Capstone/Khalid new/BackEnd/models/user.js","statementMap":{"0":{"start":{"line":1,"column":11},"end":{"line":1,"column":27}},"1":{"start":{"line":2,"column":15},"end":{"line":2,"column":32}},"2":{"start":{"line":3,"column":47},"end":{"line":3,"column":73}},"3":{"start":{"line":4,"column":15},"end":{"line":4,"column":32}},"4":{"start":{"line":5,"column":12},"end":{"line":5,"column":35}},"5":{"start":{"line":6,"column":18},"end":{"line":6,"column":56}},"6":{"start":{"line":8,"column":31},"end":{"line":8,"column":51}},"7":{"start":{"line":29,"column":8},"end":{"line":29,"column":13}},"8":{"start":{"line":30,"column":26},"end":{"line":38,"column":5}},"9":{"start":{"line":40,"column":4},"end":{"line":42,"column":5}},"10":{"start":{"line":41,"column":6},"end":{"line":41,"column":74}},"11":{"start":{"line":44,"column":4},"end":{"line":46,"column":5}},"12":{"start":{"line":45,"column":6},"end":{"line":45,"column":74}},"13":{"start":{"line":48,"column":4},"end":{"line":50,"column":5}},"14":{"start":{"line":49,"column":6},"end":{"line":49,"column":49}},"15":{"start":{"line":52,"column":34},"end":{"line":52,"column":76}},"16":{"start":{"line":53,"column":4},"end":{"line":55,"column":5}},"17":{"start":{"line":54,"column":6},"end":{"line":54,"column":61}},"18":{"start":{"line":57,"column":27},"end":{"line":57,"column":74}},"19":{"start":{"line":58,"column":28},"end":{"line":58,"column":47}},"20":{"start":{"line":60,"column":19},"end":{"line":88,"column":5}},"21":{"start":{"line":90,"column":17},"end":{"line":90,"column":31}},"22":{"start":{"line":92,"column":4},"end":{"line":92,"column":16}},"23":{"start":{"line":96,"column":29},"end":{"line":96,"column":35}},"24":{"start":{"line":97,"column":4},"end":{"line":97,"column":45}},"25":{"start":{"line":98,"column":19},"end":{"line":112,"column":5}},"26":{"start":{"line":113,"column":4},"end":{"line":113,"column":32}},"27":{"start":{"line":114,"column":17},"end":{"line":114,"column":31}},"28":{"start":{"line":116,"column":4},"end":{"line":116,"column":16}},"29":{"start":{"line":127,"column":4},"end":{"line":127,"column":51}},"30":{"start":{"line":128,"column":21},"end":{"line":130,"column":6}},"31":{"start":{"line":131,"column":17},"end":{"line":131,"column":24}},"32":{"start":{"line":132,"column":4},"end":{"line":132,"column":38}},"33":{"start":{"line":133,"column":4},"end":{"line":135,"column":5}},"34":{"start":{"line":134,"column":6},"end":{"line":134,"column":18}},"35":{"start":{"line":139,"column":21},"end":{"line":141,"column":6}},"36":{"start":{"line":142,"column":17},"end":{"line":142,"column":24}},"37":{"start":{"line":143,"column":4},"end":{"line":151,"column":5}},"38":{"start":{"line":144,"column":30},"end":{"line":147,"column":7}},"39":{"start":{"line":148,"column":6},"end":{"line":150,"column":7}},"40":{"start":{"line":149,"column":8},"end":{"line":149,"column":20}},"41":{"start":{"line":155,"column":4},"end":{"line":181,"column":5}},"42":{"start":{"line":156,"column":65},"end":{"line":156,"column":69}},"43":{"start":{"line":157,"column":21},"end":{"line":174,"column":7}},"44":{"start":{"line":176,"column":25},"end":{"line":176,"column":39}},"45":{"start":{"line":178,"column":6},"end":{"line":178,"column":24}},"46":{"start":{"line":180,"column":6},"end":{"line":180,"column":23}},"47":{"start":{"line":185,"column":19},"end":{"line":195,"column":5}},"48":{"start":{"line":197,"column":17},"end":{"line":197,"column":28}},"49":{"start":{"line":199,"column":4},"end":{"line":199,"column":16}},"50":{"start":{"line":203,"column":30},"end":{"line":203,"column":36}},"51":{"start":{"line":205,"column":19},"end":{"line":213,"column":5}},"52":{"start":{"line":215,"column":17},"end":{"line":215,"column":31}},"53":{"start":{"line":217,"column":4},"end":{"line":217,"column":16}},"54":{"start":{"line":221,"column":19},"end":{"line":230,"column":5}},"55":{"start":{"line":232,"column":18},"end":{"line":232,"column":29}},"56":{"start":{"line":234,"column":4},"end":{"line":234,"column":17}},"57":{"start":{"line":244,"column":19},"end":{"line":253,"column":5}},"58":{"start":{"line":255,"column":17},"end":{"line":255,"column":31}},"59":{"start":{"line":257,"column":4},"end":{"line":257,"column":16}},"60":{"start":{"line":261,"column":20},"end":{"line":270,"column":5}},"61":{"start":{"line":272,"column":18},"end":{"line":272,"column":67}},"62":{"start":{"line":273,"column":4},"end":{"line":273,"column":32}},"63":{"start":{"line":274,"column":4},"end":{"line":274,"column":17}},"64":{"start":{"line":278,"column":4},"end":{"line":283,"column":5}},"65":{"start":{"line":279,"column":22},"end":{"line":279,"column":50}},"66":{"start":{"line":280,"column":6},"end":{"line":280,"column":21}},"67":{"start":{"line":282,"column":6},"end":{"line":282,"column":18}},"68":{"start":{"line":286,"column":0},"end":{"line":286,"column":22}}},"fnMap":{"0":{"name":"(anonymous_0)","decl":{"start":{"line":19,"column":2},"end":{"line":19,"column":3}},"loc":{"start":{"line":19,"column":31},"end":{"line":93,"column":3}},"line":19},"1":{"name":"(anonymous_1)","decl":{"start":{"line":95,"column":2},"end":{"line":95,"column":3}},"loc":{"start":{"line":95,"column":35},"end":{"line":117,"column":3}},"line":95},"2":{"name":"(anonymous_2)","decl":{"start":{"line":126,"column":2},"end":{"line":126,"column":3}},"loc":{"start":{"line":126,"column":47},"end":{"line":136,"column":3}},"line":126},"3":{"name":"(anonymous_3)","decl":{"start":{"line":138,"column":2},"end":{"line":138,"column":3}},"loc":{"start":{"line":138,"column":39},"end":{"line":152,"column":3}},"line":138},"4":{"name":"(anonymous_4)","decl":{"start":{"line":154,"column":2},"end":{"line":154,"column":3}},"loc":{"start":{"line":154,"column":29},"end":{"line":182,"column":3}},"line":154},"5":{"name":"(anonymous_5)","decl":{"start":{"line":184,"column":2},"end":{"line":184,"column":3}},"loc":{"start":{"line":184,"column":32},"end":{"line":200,"column":3}},"line":184},"6":{"name":"(anonymous_6)","decl":{"start":{"line":202,"column":2},"end":{"line":202,"column":3}},"loc":{"start":{"line":202,"column":34},"end":{"line":218,"column":3}},"line":202},"7":{"name":"(anonymous_7)","decl":{"start":{"line":220,"column":2},"end":{"line":220,"column":3}},"loc":{"start":{"line":220,"column":26},"end":{"line":235,"column":3}},"line":220},"8":{"name":"(anonymous_8)","decl":{"start":{"line":243,"column":2},"end":{"line":243,"column":3}},"loc":{"start":{"line":243,"column":33},"end":{"line":258,"column":3}},"line":243},"9":{"name":"(anonymous_9)","decl":{"start":{"line":260,"column":2},"end":{"line":260,"column":3}},"loc":{"start":{"line":260,"column":39},"end":{"line":275,"column":3}},"line":260},"10":{"name":"(anonymous_10)","decl":{"start":{"line":277,"column":2},"end":{"line":277,"column":3}},"loc":{"start":{"line":277,"column":38},"end":{"line":284,"column":3}},"line":277}},"branchMap":{"0":{"loc":{"start":{"line":40,"column":4},"end":{"line":42,"column":5}},"type":"if","locations":[{"start":{"line":40,"column":4},"end":{"line":42,"column":5}},{"start":{},"end":{}}],"line":40},"1":{"loc":{"start":{"line":44,"column":4},"end":{"line":46,"column":5}},"type":"if","locations":[{"start":{"line":44,"column":4},"end":{"line":46,"column":5}},{"start":{},"end":{}}],"line":44},"2":{"loc":{"start":{"line":48,"column":4},"end":{"line":50,"column":5}},"type":"if","locations":[{"start":{"line":48,"column":4},"end":{"line":50,"column":5}},{"start":{},"end":{}}],"line":48},"3":{"loc":{"start":{"line":53,"column":4},"end":{"line":55,"column":5}},"type":"if","locations":[{"start":{"line":53,"column":4},"end":{"line":55,"column":5}},{"start":{},"end":{}}],"line":53},"4":{"loc":{"start":{"line":133,"column":4},"end":{"line":135,"column":5}},"type":"if","locations":[{"start":{"line":133,"column":4},"end":{"line":135,"column":5}},{"start":{},"end":{}}],"line":133},"5":{"loc":{"start":{"line":143,"column":4},"end":{"line":151,"column":5}},"type":"if","locations":[{"start":{"line":143,"column":4},"end":{"line":151,"column":5}},{"start":{},"end":{}}],"line":143},"6":{"loc":{"start":{"line":148,"column":6},"end":{"line":150,"column":7}},"type":"if","locations":[{"start":{"line":148,"column":6},"end":{"line":150,"column":7}},{"start":{},"end":{}}],"line":148}},"s":{"0":1,"1":1,"2":1,"3":1,"4":1,"5":1,"6":1,"7":6,"8":6,"9":6,"10":2,"11":4,"12":1,"13":3,"14":1,"15":2,"16":2,"17":1,"18":1,"19":1,"20":1,"21":1,"22":1,"23":1,"24":1,"25":1,"26":1,"27":1,"28":1,"29":0,"30":0,"31":0,"32":0,"33":0,"34":0,"35":2,"36":2,"37":2,"38":2,"39":2,"40":2,"41":1,"42":1,"43":1,"44":1,"45":1,"46":0,"47":1,"48":1,"49":1,"50":1,"51":1,"52":1,"53":1,"54":1,"55":1,"56":1,"57":1,"58":1,"59":1,"60":1,"61":1,"62":1,"63":1,"64":1,"65":1,"66":0,"67":1,"68":1},"f":{"0":6,"1":1,"2":0,"3":2,"4":1,"5":1,"6":1,"7":1,"8":1,"9":1,"10":1},"b":{"0":[2,4],"1":[1,3],"2":[1,2],"3":[1,1],"4":[0,0],"5":[2,0],"6":[2,0]},"_coverageSchema":"1a1c01bbd47fc00a2c39e90264f33305004495a9","hash":"d6660d07b36f8b0776374df59faf9aa5ae622490"}
,"/Users/kabouelrous/Documents/Capstone/Khalid new/BackEnd/routes/openai.js": {"path":"/Users/kabouelrous/Documents/Capstone/Khalid new/BackEnd/routes/openai.js","statementMap":{"0":{"start":{"line":1,"column":16},"end":{"line":1,"column":34}},"1":{"start":{"line":2,"column":37},"end":{"line":2,"column":54}},"2":{"start":{"line":4,"column":15},"end":{"line":4,"column":31}},"3":{"start":{"line":5,"column":0},"end":{"line":5,"column":27}},"4":{"start":{"line":7,"column":15},"end":{"line":9,"column":2}},"5":{"start":{"line":11,"column":15},"end":{"line":11,"column":36}},"6":{"start":{"line":13,"column":0},"end":{"line":53,"column":3}},"7":{"start":{"line":14,"column":64},"end":{"line":14,"column":72}},"8":{"start":{"line":15,"column":16},"end":{"line":19,"column":3}},"9":{"start":{"line":20,"column":2},"end":{"line":52,"column":3}},"10":{"start":{"line":21,"column":21},"end":{"line":39,"column":6}},"11":{"start":{"line":40,"column":4},"end":{"line":44,"column":7}},"12":{"start":{"line":46,"column":4},"end":{"line":51,"column":7}},"13":{"start":{"line":55,"column":0},"end":{"line":98,"column":3}},"14":{"start":{"line":56,"column":64},"end":{"line":56,"column":72}},"15":{"start":{"line":57,"column":16},"end":{"line":60,"column":60}},"16":{"start":{"line":61,"column":2},"end":{"line":97,"column":3}},"17":{"start":{"line":62,"column":21},"end":{"line":83,"column":6}},"18":{"start":{"line":84,"column":4},"end":{"line":88,"column":7}},"19":{"start":{"line":90,"column":4},"end":{"line":90,"column":25}},"20":{"start":{"line":91,"column":4},"end":{"line":96,"column":7}},"21":{"start":{"line":100,"column":0},"end":{"line":136,"column":3}},"22":{"start":{"line":101,"column":40},"end":{"line":101,"column":48}},"23":{"start":{"line":102,"column":16},"end":{"line":102,"column":180}},"24":{"start":{"line":103,"column":2},"end":{"line":135,"column":3}},"25":{"start":{"line":104,"column":21},"end":{"line":121,"column":6}},"26":{"start":{"line":122,"column":4},"end":{"line":126,"column":7}},"27":{"start":{"line":128,"column":4},"end":{"line":128,"column":25}},"28":{"start":{"line":129,"column":4},"end":{"line":134,"column":7}},"29":{"start":{"line":138,"column":0},"end":{"line":174,"column":3}},"30":{"start":{"line":139,"column":40},"end":{"line":139,"column":48}},"31":{"start":{"line":140,"column":16},"end":{"line":140,"column":115}},"32":{"start":{"line":141,"column":2},"end":{"line":173,"column":3}},"33":{"start":{"line":142,"column":21},"end":{"line":159,"column":6}},"34":{"start":{"line":160,"column":4},"end":{"line":164,"column":7}},"35":{"start":{"line":166,"column":4},"end":{"line":166,"column":25}},"36":{"start":{"line":167,"column":4},"end":{"line":172,"column":7}},"37":{"start":{"line":176,"column":0},"end":{"line":176,"column":24}}},"fnMap":{"0":{"name":"(anonymous_0)","decl":{"start":{"line":13,"column":27},"end":{"line":13,"column":28}},"loc":{"start":{"line":13,"column":59},"end":{"line":53,"column":1}},"line":13},"1":{"name":"(anonymous_1)","decl":{"start":{"line":55,"column":21},"end":{"line":55,"column":22}},"loc":{"start":{"line":55,"column":53},"end":{"line":98,"column":1}},"line":55},"2":{"name":"(anonymous_2)","decl":{"start":{"line":100,"column":26},"end":{"line":100,"column":27}},"loc":{"start":{"line":100,"column":58},"end":{"line":136,"column":1}},"line":100},"3":{"name":"(anonymous_3)","decl":{"start":{"line":138,"column":24},"end":{"line":138,"column":25}},"loc":{"start":{"line":138,"column":56},"end":{"line":174,"column":1}},"line":138}},"branchMap":{"0":{"loc":{"start":{"line":48,"column":13},"end":{"line":50,"column":44}},"type":"cond-expr","locations":[{"start":{"line":49,"column":10},"end":{"line":49,"column":29}},{"start":{"line":50,"column":10},"end":{"line":50,"column":44}}],"line":48},"1":{"loc":{"start":{"line":93,"column":13},"end":{"line":95,"column":44}},"type":"cond-expr","locations":[{"start":{"line":94,"column":10},"end":{"line":94,"column":29}},{"start":{"line":95,"column":10},"end":{"line":95,"column":44}}],"line":93},"2":{"loc":{"start":{"line":131,"column":13},"end":{"line":133,"column":44}},"type":"cond-expr","locations":[{"start":{"line":132,"column":10},"end":{"line":132,"column":29}},{"start":{"line":133,"column":10},"end":{"line":133,"column":44}}],"line":131},"3":{"loc":{"start":{"line":169,"column":13},"end":{"line":171,"column":44}},"type":"cond-expr","locations":[{"start":{"line":170,"column":10},"end":{"line":170,"column":29}},{"start":{"line":171,"column":10},"end":{"line":171,"column":44}}],"line":169}},"s":{"0":1,"1":1,"2":1,"3":1,"4":1,"5":1,"6":1,"7":1,"8":1,"9":1,"10":1,"11":1,"12":0,"13":1,"14":1,"15":1,"16":1,"17":1,"18":1,"19":0,"20":0,"21":1,"22":1,"23":1,"24":1,"25":1,"26":1,"27":0,"28":0,"29":1,"30":1,"31":1,"32":1,"33":1,"34":1,"35":0,"36":0,"37":1},"f":{"0":1,"1":1,"2":1,"3":1},"b":{"0":[0,0],"1":[0,0],"2":[0,0],"3":[0,0]},"_coverageSchema":"1a1c01bbd47fc00a2c39e90264f33305004495a9","hash":"1087c8b9a551167c1f351b007a89ff058da07ef4"}
,"/Users/kabouelrous/Documents/Capstone/Khalid new/BackEnd/utils/errors.js": {"path":"/Users/kabouelrous/Documents/Capstone/Khalid new/BackEnd/utils/errors.js","statementMap":{"0":{"start":{"line":3,"column":4},"end":{"line":3,"column":12}},"1":{"start":{"line":4,"column":4},"end":{"line":4,"column":27}},"2":{"start":{"line":5,"column":4},"end":{"line":5,"column":25}},"3":{"start":{"line":13,"column":4},"end":{"line":13,"column":24}},"4":{"start":{"line":21,"column":4},"end":{"line":21,"column":24}},"5":{"start":{"line":29,"column":4},"end":{"line":29,"column":24}},"6":{"start":{"line":37,"column":4},"end":{"line":37,"column":24}},"7":{"start":{"line":45,"column":4},"end":{"line":45,"column":24}},"8":{"start":{"line":49,"column":0},"end":{"line":56,"column":2}}},"fnMap":{"0":{"name":"(anonymous_0)","decl":{"start":{"line":2,"column":2},"end":{"line":2,"column":3}},"loc":{"start":{"line":2,"column":31},"end":{"line":6,"column":3}},"line":2},"1":{"name":"(anonymous_1)","decl":{"start":{"line":12,"column":2},"end":{"line":12,"column":3}},"loc":{"start":{"line":12,"column":39},"end":{"line":14,"column":3}},"line":12},"2":{"name":"(anonymous_2)","decl":{"start":{"line":20,"column":2},"end":{"line":20,"column":3}},"loc":{"start":{"line":20,"column":40},"end":{"line":22,"column":3}},"line":20},"3":{"name":"(anonymous_3)","decl":{"start":{"line":28,"column":2},"end":{"line":28,"column":3}},"loc":{"start":{"line":28,"column":37},"end":{"line":30,"column":3}},"line":28},"4":{"name":"(anonymous_4)","decl":{"start":{"line":36,"column":2},"end":{"line":36,"column":3}},"loc":{"start":{"line":36,"column":37},"end":{"line":38,"column":3}},"line":36},"5":{"name":"(anonymous_5)","decl":{"start":{"line":44,"column":2},"end":{"line":44,"column":3}},"loc":{"start":{"line":44,"column":48},"end":{"line":46,"column":3}},"line":44}},"branchMap":{"0":{"loc":{"start":{"line":12,"column":14},"end":{"line":12,"column":37}},"type":"default-arg","locations":[{"start":{"line":12,"column":24},"end":{"line":12,"column":37}}],"line":12},"1":{"loc":{"start":{"line":20,"column":14},"end":{"line":20,"column":38}},"type":"default-arg","locations":[{"start":{"line":20,"column":24},"end":{"line":20,"column":38}}],"line":20},"2":{"loc":{"start":{"line":28,"column":14},"end":{"line":28,"column":35}},"type":"default-arg","locations":[{"start":{"line":28,"column":24},"end":{"line":28,"column":35}}],"line":28},"3":{"loc":{"start":{"line":36,"column":14},"end":{"line":36,"column":35}},"type":"default-arg","locations":[{"start":{"line":36,"column":24},"end":{"line":36,"column":35}}],"line":36},"4":{"loc":{"start":{"line":44,"column":14},"end":{"line":44,"column":46}},"type":"default-arg","locations":[{"start":{"line":44,"column":24},"end":{"line":44,"column":46}}],"line":44}},"s":{"0":5,"1":5,"2":5,"3":5,"4":0,"5":0,"6":0,"7":0,"8":1},"f":{"0":5,"1":5,"2":0,"3":0,"4":0,"5":0},"b":{"0":[0],"1":[0],"2":[0],"3":[0],"4":[0]},"_coverageSchema":"1a1c01bbd47fc00a2c39e90264f33305004495a9","hash":"8eaeaf339e9ba22e2b47a120d39aa415d73c3866"}
}
