{"/Users/kabouelrous/Documents/Capstone/KhalidRoboForce/brainforce-api/config.js": {"path":"/Users/kabouelrous/Documents/Capstone/KhalidRoboForce/brainforce-api/config.js","statementMap":{"0":{"start":{"line":1,"column":0},"end":{"line":1,"column":27}},"1":{"start":{"line":2,"column":0},"end":{"line":2,"column":18}},"2":{"start":{"line":4,"column":13},"end":{"line":4,"column":63}},"3":{"start":{"line":8,"column":16},"end":{"line":8,"column":33}},"4":{"start":{"line":9,"column":2},"end":{"line":9,"column":35}},"5":{"start":{"line":10,"column":2},"end":{"line":10,"column":15}},"6":{"start":{"line":13,"column":27},"end":{"line":13,"column":28}},"7":{"start":{"line":15,"column":0},"end":{"line":15,"column":38}},"8":{"start":{"line":16,"column":0},"end":{"line":16,"column":32}},"9":{"start":{"line":17,"column":0},"end":{"line":17,"column":59}},"10":{"start":{"line":18,"column":0},"end":{"line":18,"column":48}},"11":{"start":{"line":19,"column":0},"end":{"line":19,"column":19}},"12":{"start":{"line":21,"column":0},"end":{"line":25,"column":2}}},"fnMap":{"0":{"name":"getDatabaseUri","decl":{"start":{"line":7,"column":9},"end":{"line":7,"column":23}},"loc":{"start":{"line":7,"column":26},"end":{"line":11,"column":1}},"line":7}},"branchMap":{"0":{"loc":{"start":{"line":4,"column":13},"end":{"line":4,"column":63}},"type":"cond-expr","locations":[{"start":{"line":4,"column":32},"end":{"line":4,"column":56}},{"start":{"line":4,"column":59},"end":{"line":4,"column":63}}],"line":4}},"s":{"0":2,"1":2,"2":2,"3":3,"4":3,"5":3,"6":2,"7":2,"8":2,"9":2,"10":2,"11":2,"12":2},"f":{"0":3},"b":{"0":[0,2]},"_coverageSchema":"1a1c01bbd47fc00a2c39e90264f33305004495a9","hash":"7fc4dc6e2511d6267afb1d089069624b4a5d7028"}
,"/Users/kabouelrous/Documents/Capstone/KhalidRoboForce/brainforce-api/db.js": {"path":"/Users/kabouelrous/Documents/Capstone/KhalidRoboForce/brainforce-api/db.js","statementMap":{"0":{"start":{"line":1,"column":19},"end":{"line":1,"column":32}},"1":{"start":{"line":2,"column":27},"end":{"line":2,"column":46}},"2":{"start":{"line":3,"column":0},"end":{"line":3,"column":18}},"3":{"start":{"line":5,"column":11},"end":{"line":8,"column":2}},"4":{"start":{"line":10,"column":0},"end":{"line":16,"column":3}},"5":{"start":{"line":11,"column":2},"end":{"line":15,"column":3}},"6":{"start":{"line":12,"column":4},"end":{"line":12,"column":49}},"7":{"start":{"line":14,"column":4},"end":{"line":14,"column":69}},"8":{"start":{"line":18,"column":0},"end":{"line":18,"column":20}}},"fnMap":{"0":{"name":"(anonymous_0)","decl":{"start":{"line":10,"column":11},"end":{"line":10,"column":12}},"loc":{"start":{"line":10,"column":20},"end":{"line":16,"column":1}},"line":10}},"branchMap":{"0":{"loc":{"start":{"line":11,"column":2},"end":{"line":15,"column":3}},"type":"if","locations":[{"start":{"line":11,"column":2},"end":{"line":15,"column":3}},{"start":{"line":13,"column":9},"end":{"line":15,"column":3}}],"line":11}},"s":{"0":1,"1":1,"2":1,"3":1,"4":1,"5":0,"6":0,"7":0,"8":1},"f":{"0":0},"b":{"0":[0,0]},"_coverageSchema":"1a1c01bbd47fc00a2c39e90264f33305004495a9","hash":"066bbc56bbddea339945652d47f4a0822639bff1"}
,"/Users/kabouelrous/Documents/Capstone/KhalidRoboForce/brainforce-api/errors.js": {"path":"/Users/kabouelrous/Documents/Capstone/KhalidRoboForce/brainforce-api/errors.js","statementMap":{"0":{"start":{"line":3,"column":4},"end":{"line":3,"column":19}},"1":{"start":{"line":4,"column":4},"end":{"line":4,"column":34}},"2":{"start":{"line":5,"column":4},"end":{"line":5,"column":26}},"3":{"start":{"line":11,"column":0},"end":{"line":13,"column":2}}},"fnMap":{"0":{"name":"(anonymous_0)","decl":{"start":{"line":2,"column":2},"end":{"line":2,"column":3}},"loc":{"start":{"line":2,"column":23},"end":{"line":6,"column":3}},"line":2}},"branchMap":{},"s":{"0":5,"1":5,"2":5,"3":1},"f":{"0":5},"b":{},"_coverageSchema":"1a1c01bbd47fc00a2c39e90264f33305004495a9","hash":"ae15da05a83527f328210a00a72ad635382cf8f5"}
,"/Users/kabouelrous/Documents/Capstone/KhalidRoboForce/brainforce-api/models/user.js": {"path":"/Users/kabouelrous/Documents/Capstone/KhalidRoboForce/brainforce-api/models/user.js","statementMap":{"0":{"start":{"line":1,"column":11},"end":{"line":1,"column":27}},"1":{"start":{"line":2,"column":15},"end":{"line":2,"column":32}},"2":{"start":{"line":3,"column":47},"end":{"line":3,"column":73}},"3":{"start":{"line":4,"column":27},"end":{"line":4,"column":55}},"4":{"start":{"line":5,"column":15},"end":{"line":5,"column":32}},"5":{"start":{"line":6,"column":12},"end":{"line":6,"column":35}},"6":{"start":{"line":7,"column":18},"end":{"line":7,"column":56}},"7":{"start":{"line":9,"column":31},"end":{"line":9,"column":51}},"8":{"start":{"line":21,"column":71},"end":{"line":21,"column":76}},"9":{"start":{"line":22,"column":26},"end":{"line":29,"column":5}},"10":{"start":{"line":30,"column":4},"end":{"line":38,"column":5}},"11":{"start":{"line":31,"column":6},"end":{"line":35,"column":9}},"12":{"start":{"line":37,"column":6},"end":{"line":37,"column":16}},"13":{"start":{"line":40,"column":4},"end":{"line":42,"column":5}},"14":{"start":{"line":41,"column":6},"end":{"line":41,"column":74}},"15":{"start":{"line":44,"column":4},"end":{"line":46,"column":5}},"16":{"start":{"line":45,"column":6},"end":{"line":45,"column":74}},"17":{"start":{"line":48,"column":4},"end":{"line":50,"column":5}},"18":{"start":{"line":49,"column":6},"end":{"line":49,"column":49}},"19":{"start":{"line":52,"column":34},"end":{"line":52,"column":76}},"20":{"start":{"line":53,"column":4},"end":{"line":55,"column":5}},"21":{"start":{"line":54,"column":6},"end":{"line":54,"column":61}},"22":{"start":{"line":57,"column":27},"end":{"line":57,"column":74}},"23":{"start":{"line":58,"column":28},"end":{"line":58,"column":47}},"24":{"start":{"line":60,"column":19},"end":{"line":77,"column":5}},"25":{"start":{"line":79,"column":17},"end":{"line":79,"column":31}},"26":{"start":{"line":81,"column":4},"end":{"line":81,"column":16}},"27":{"start":{"line":92,"column":4},"end":{"line":92,"column":51}},"28":{"start":{"line":93,"column":21},"end":{"line":95,"column":6}},"29":{"start":{"line":96,"column":17},"end":{"line":96,"column":24}},"30":{"start":{"line":97,"column":4},"end":{"line":97,"column":38}},"31":{"start":{"line":98,"column":4},"end":{"line":100,"column":5}},"32":{"start":{"line":99,"column":6},"end":{"line":99,"column":18}},"33":{"start":{"line":104,"column":21},"end":{"line":106,"column":6}},"34":{"start":{"line":107,"column":17},"end":{"line":107,"column":24}},"35":{"start":{"line":108,"column":4},"end":{"line":116,"column":5}},"36":{"start":{"line":109,"column":30},"end":{"line":112,"column":7}},"37":{"start":{"line":113,"column":6},"end":{"line":115,"column":7}},"38":{"start":{"line":114,"column":8},"end":{"line":114,"column":20}},"39":{"start":{"line":126,"column":19},"end":{"line":135,"column":5}},"40":{"start":{"line":137,"column":17},"end":{"line":137,"column":31}},"41":{"start":{"line":139,"column":4},"end":{"line":139,"column":16}},"42":{"start":{"line":143,"column":20},"end":{"line":148,"column":5}},"43":{"start":{"line":150,"column":18},"end":{"line":150,"column":67}},"44":{"start":{"line":151,"column":4},"end":{"line":151,"column":32}},"45":{"start":{"line":152,"column":4},"end":{"line":152,"column":17}},"46":{"start":{"line":156,"column":4},"end":{"line":161,"column":5}},"47":{"start":{"line":157,"column":22},"end":{"line":157,"column":50}},"48":{"start":{"line":158,"column":6},"end":{"line":158,"column":21}},"49":{"start":{"line":160,"column":6},"end":{"line":160,"column":18}},"50":{"start":{"line":164,"column":0},"end":{"line":164,"column":22}}},"fnMap":{"0":{"name":"(anonymous_0)","decl":{"start":{"line":20,"column":2},"end":{"line":20,"column":3}},"loc":{"start":{"line":20,"column":31},"end":{"line":82,"column":3}},"line":20},"1":{"name":"(anonymous_1)","decl":{"start":{"line":91,"column":2},"end":{"line":91,"column":3}},"loc":{"start":{"line":91,"column":47},"end":{"line":101,"column":3}},"line":91},"2":{"name":"(anonymous_2)","decl":{"start":{"line":103,"column":2},"end":{"line":103,"column":3}},"loc":{"start":{"line":103,"column":39},"end":{"line":117,"column":3}},"line":103},"3":{"name":"(anonymous_3)","decl":{"start":{"line":125,"column":2},"end":{"line":125,"column":3}},"loc":{"start":{"line":125,"column":33},"end":{"line":140,"column":3}},"line":125},"4":{"name":"(anonymous_4)","decl":{"start":{"line":142,"column":2},"end":{"line":142,"column":3}},"loc":{"start":{"line":142,"column":39},"end":{"line":153,"column":3}},"line":142},"5":{"name":"(anonymous_5)","decl":{"start":{"line":155,"column":2},"end":{"line":155,"column":3}},"loc":{"start":{"line":155,"column":38},"end":{"line":162,"column":3}},"line":155}},"branchMap":{"0":{"loc":{"start":{"line":40,"column":4},"end":{"line":42,"column":5}},"type":"if","locations":[{"start":{"line":40,"column":4},"end":{"line":42,"column":5}},{"start":{},"end":{}}],"line":40},"1":{"loc":{"start":{"line":44,"column":4},"end":{"line":46,"column":5}},"type":"if","locations":[{"start":{"line":44,"column":4},"end":{"line":46,"column":5}},{"start":{},"end":{}}],"line":44},"2":{"loc":{"start":{"line":48,"column":4},"end":{"line":50,"column":5}},"type":"if","locations":[{"start":{"line":48,"column":4},"end":{"line":50,"column":5}},{"start":{},"end":{}}],"line":48},"3":{"loc":{"start":{"line":53,"column":4},"end":{"line":55,"column":5}},"type":"if","locations":[{"start":{"line":53,"column":4},"end":{"line":55,"column":5}},{"start":{},"end":{}}],"line":53},"4":{"loc":{"start":{"line":98,"column":4},"end":{"line":100,"column":5}},"type":"if","locations":[{"start":{"line":98,"column":4},"end":{"line":100,"column":5}},{"start":{},"end":{}}],"line":98},"5":{"loc":{"start":{"line":108,"column":4},"end":{"line":116,"column":5}},"type":"if","locations":[{"start":{"line":108,"column":4},"end":{"line":116,"column":5}},{"start":{},"end":{}}],"line":108},"6":{"loc":{"start":{"line":113,"column":6},"end":{"line":115,"column":7}},"type":"if","locations":[{"start":{"line":113,"column":6},"end":{"line":115,"column":7}},{"start":{},"end":{}}],"line":113}},"s":{"0":1,"1":1,"2":1,"3":1,"4":1,"5":1,"6":1,"7":1,"8":6,"9":6,"10":6,"11":6,"12":1,"13":5,"14":1,"15":4,"16":1,"17":3,"18":1,"19":2,"20":2,"21":1,"22":1,"23":1,"24":1,"25":1,"26":1,"27":0,"28":0,"29":0,"30":0,"31":0,"32":0,"33":2,"34":2,"35":2,"36":2,"37":2,"38":2,"39":1,"40":1,"41":1,"42":1,"43":1,"44":1,"45":1,"46":0,"47":0,"48":0,"49":0,"50":1},"f":{"0":6,"1":0,"2":2,"3":1,"4":1,"5":0},"b":{"0":[1,4],"1":[1,3],"2":[1,2],"3":[1,1],"4":[0,0],"5":[2,0],"6":[2,0]},"_coverageSchema":"1a1c01bbd47fc00a2c39e90264f33305004495a9","hash":"20a0be438528d4ab60c9e89007cb95f3218085ba"}
,"/Users/kabouelrous/Documents/Capstone/KhalidRoboForce/brainforce-api/utils/errors.js": {"path":"/Users/kabouelrous/Documents/Capstone/KhalidRoboForce/brainforce-api/utils/errors.js","statementMap":{"0":{"start":{"line":3,"column":4},"end":{"line":3,"column":12}},"1":{"start":{"line":4,"column":4},"end":{"line":4,"column":27}},"2":{"start":{"line":5,"column":4},"end":{"line":5,"column":25}},"3":{"start":{"line":13,"column":4},"end":{"line":13,"column":24}},"4":{"start":{"line":21,"column":4},"end":{"line":21,"column":24}},"5":{"start":{"line":29,"column":4},"end":{"line":29,"column":24}},"6":{"start":{"line":37,"column":4},"end":{"line":37,"column":24}},"7":{"start":{"line":45,"column":4},"end":{"line":45,"column":24}},"8":{"start":{"line":49,"column":0},"end":{"line":56,"column":2}}},"fnMap":{"0":{"name":"(anonymous_0)","decl":{"start":{"line":2,"column":2},"end":{"line":2,"column":3}},"loc":{"start":{"line":2,"column":31},"end":{"line":6,"column":3}},"line":2},"1":{"name":"(anonymous_1)","decl":{"start":{"line":12,"column":2},"end":{"line":12,"column":3}},"loc":{"start":{"line":12,"column":39},"end":{"line":14,"column":3}},"line":12},"2":{"name":"(anonymous_2)","decl":{"start":{"line":20,"column":2},"end":{"line":20,"column":3}},"loc":{"start":{"line":20,"column":40},"end":{"line":22,"column":3}},"line":20},"3":{"name":"(anonymous_3)","decl":{"start":{"line":28,"column":2},"end":{"line":28,"column":3}},"loc":{"start":{"line":28,"column":37},"end":{"line":30,"column":3}},"line":28},"4":{"name":"(anonymous_4)","decl":{"start":{"line":36,"column":2},"end":{"line":36,"column":3}},"loc":{"start":{"line":36,"column":37},"end":{"line":38,"column":3}},"line":36},"5":{"name":"(anonymous_5)","decl":{"start":{"line":44,"column":2},"end":{"line":44,"column":3}},"loc":{"start":{"line":44,"column":48},"end":{"line":46,"column":3}},"line":44}},"branchMap":{"0":{"loc":{"start":{"line":12,"column":14},"end":{"line":12,"column":37}},"type":"default-arg","locations":[{"start":{"line":12,"column":24},"end":{"line":12,"column":37}}],"line":12},"1":{"loc":{"start":{"line":20,"column":14},"end":{"line":20,"column":38}},"type":"default-arg","locations":[{"start":{"line":20,"column":24},"end":{"line":20,"column":38}}],"line":20},"2":{"loc":{"start":{"line":28,"column":14},"end":{"line":28,"column":35}},"type":"default-arg","locations":[{"start":{"line":28,"column":24},"end":{"line":28,"column":35}}],"line":28},"3":{"loc":{"start":{"line":36,"column":14},"end":{"line":36,"column":35}},"type":"default-arg","locations":[{"start":{"line":36,"column":24},"end":{"line":36,"column":35}}],"line":36},"4":{"loc":{"start":{"line":44,"column":14},"end":{"line":44,"column":46}},"type":"default-arg","locations":[{"start":{"line":44,"column":24},"end":{"line":44,"column":46}}],"line":44}},"s":{"0":4,"1":4,"2":4,"3":4,"4":0,"5":0,"6":0,"7":0,"8":1},"f":{"0":4,"1":4,"2":0,"3":0,"4":0,"5":0},"b":{"0":[0],"1":[0],"2":[0],"3":[0],"4":[0]},"_coverageSchema":"1a1c01bbd47fc00a2c39e90264f33305004495a9","hash":"a6f1b8f1b8d21d47afd25bb6bb44705c20e23c49"}
,"/Users/kabouelrous/Documents/Capstone/KhalidRoboForce/brainforce-api/utils/validate.js": {"path":"/Users/kabouelrous/Documents/Capstone/KhalidRoboForce/brainforce-api/utils/validate.js","statementMap":{"0":{"start":{"line":1,"column":37},"end":{"line":1,"column":56}},"1":{"start":{"line":3,"column":14},"end":{"line":4,"column":79}},"2":{"start":{"line":4,"column":2},"end":{"line":4,"column":79}},"3":{"start":{"line":6,"column":23},"end":{"line":17,"column":1}},"4":{"start":{"line":7,"column":2},"end":{"line":8,"column":73}},"5":{"start":{"line":8,"column":4},"end":{"line":8,"column":73}},"6":{"start":{"line":10,"column":2},"end":{"line":16,"column":5}},"7":{"start":{"line":11,"column":4},"end":{"line":15,"column":5}},"8":{"start":{"line":12,"column":6},"end":{"line":14,"column":8}},"9":{"start":{"line":19,"column":0},"end":{"line":19,"column":43}}},"fnMap":{"0":{"name":"(anonymous_0)","decl":{"start":{"line":3,"column":14},"end":{"line":3,"column":15}},"loc":{"start":{"line":4,"column":2},"end":{"line":4,"column":79}},"line":4},"1":{"name":"(anonymous_1)","decl":{"start":{"line":6,"column":23},"end":{"line":6,"column":24}},"loc":{"start":{"line":6,"column":46},"end":{"line":17,"column":1}},"line":6},"2":{"name":"(anonymous_2)","decl":{"start":{"line":10,"column":19},"end":{"line":10,"column":20}},"loc":{"start":{"line":10,"column":29},"end":{"line":16,"column":3}},"line":10}},"branchMap":{"0":{"loc":{"start":{"line":4,"column":2},"end":{"line":4,"column":79}},"type":"binary-expr","locations":[{"start":{"line":4,"column":2},"end":{"line":4,"column":16}},{"start":{"line":4,"column":20},"end":{"line":4,"column":48}},{"start":{"line":4,"column":52},"end":{"line":4,"column":79}}],"line":4},"1":{"loc":{"start":{"line":7,"column":2},"end":{"line":8,"column":73}},"type":"if","locations":[{"start":{"line":7,"column":2},"end":{"line":8,"column":73}},{"start":{},"end":{}}],"line":7},"2":{"loc":{"start":{"line":11,"column":4},"end":{"line":15,"column":5}},"type":"if","locations":[{"start":{"line":11,"column":4},"end":{"line":15,"column":5}},{"start":{},"end":{}}],"line":11}},"s":{"0":1,"1":1,"2":32,"3":1,"4":6,"5":0,"6":6,"7":32,"8":1,"9":1},"f":{"0":32,"1":6,"2":32},"b":{"0":[32,32,32],"1":[0,6],"2":[1,31]},"_coverageSchema":"1a1c01bbd47fc00a2c39e90264f33305004495a9","hash":"b5791d97edb1c91633f033b96ab81be96bcdb711"}
}
