TN:
SF:config.js
FN:7,getDatabaseUri
FNF:1
FNH:1
FNDA:3,getDatabaseUri
DA:1,2
DA:2,2
DA:4,2
DA:8,3
DA:9,3
DA:10,3
DA:13,2
DA:15,2
DA:16,2
DA:17,2
DA:18,2
DA:19,2
DA:21,2
LF:13
LH:13
BRDA:4,0,0,0
BRDA:4,0,1,2
BRF:2
BRH:1
end_of_record
TN:
SF:db.js
FN:10,(anonymous_0)
FNF:1
FNH:0
FNDA:0,(anonymous_0)
DA:1,1
DA:2,1
DA:3,1
DA:5,1
DA:10,1
DA:11,0
DA:12,0
DA:14,0
DA:18,1
LF:9
LH:6
BRDA:11,0,0,0
BRDA:11,0,1,0
BRF:2
BRH:0
end_of_record
TN:
SF:errors.js
FN:2,(anonymous_0)
FNF:1
FNH:1
FNDA:5,(anonymous_0)
DA:3,5
DA:4,5
DA:5,5
DA:11,1
LF:4
LH:4
BRF:0
BRH:0
end_of_record
TN:
SF:models/user.js
FN:19,(anonymous_0)
FN:102,(anonymous_1)
FN:114,(anonymous_2)
FN:130,(anonymous_3)
FN:160,(anonymous_4)
FN:178,(anonymous_5)
FN:196,(anonymous_6)
FN:219,(anonymous_7)
FN:236,(anonymous_8)
FN:253,(anonymous_9)
FNF:10
FNH:4
FNDA:6,(anonymous_0)
FNDA:0,(anonymous_1)
FNDA:2,(anonymous_2)
FNDA:0,(anonymous_3)
FNDA:0,(anonymous_4)
FNDA:0,(anonymous_5)
FNDA:0,(anonymous_6)
FNDA:1,(anonymous_7)
FNDA:1,(anonymous_8)
FNDA:0,(anonymous_9)
DA:1,1
DA:2,1
DA:3,1
DA:4,1
DA:5,1
DA:6,1
DA:8,1
DA:29,6
DA:30,6
DA:40,6
DA:41,2
DA:44,4
DA:45,1
DA:48,3
DA:49,1
DA:52,2
DA:53,2
DA:54,1
DA:57,1
DA:58,1
DA:60,1
DA:90,1
DA:92,1
DA:103,0
DA:104,0
DA:107,0
DA:108,0
DA:109,0
DA:110,0
DA:115,2
DA:118,2
DA:119,2
DA:120,2
DA:124,2
DA:125,2
DA:131,0
DA:132,0
DA:133,0
DA:152,0
DA:154,0
DA:156,0
DA:161,0
DA:173,0
DA:175,0
DA:179,0
DA:181,0
DA:191,0
DA:193,0
DA:197,0
DA:208,0
DA:210,0
DA:220,1
DA:231,1
DA:233,1
DA:237,1
DA:248,1
DA:249,1
DA:250,1
DA:254,0
DA:255,0
DA:256,0
DA:258,0
DA:262,1
LF:63
LH:37
BRDA:40,0,0,2
BRDA:40,0,1,4
BRDA:44,1,0,1
BRDA:44,1,1,3
BRDA:48,2,0,1
BRDA:48,2,1,2
BRDA:53,3,0,1
BRDA:53,3,1,1
BRDA:109,4,0,0
BRDA:109,4,1,0
BRDA:119,5,0,2
BRDA:119,5,1,0
BRDA:124,6,0,2
BRDA:124,6,1,0
BRF:14
BRH:10
end_of_record
TN:
SF:utils/errors.js
FN:2,(anonymous_0)
FN:12,(anonymous_1)
FN:20,(anonymous_2)
FN:28,(anonymous_3)
FN:36,(anonymous_4)
FN:44,(anonymous_5)
FNF:6
FNH:2
FNDA:5,(anonymous_0)
FNDA:5,(anonymous_1)
FNDA:0,(anonymous_2)
FNDA:0,(anonymous_3)
FNDA:0,(anonymous_4)
FNDA:0,(anonymous_5)
DA:3,5
DA:4,5
DA:5,5
DA:13,5
DA:21,0
DA:29,0
DA:37,0
DA:45,0
DA:49,1
LF:9
LH:5
BRDA:12,0,0,0
BRDA:20,1,0,0
BRDA:28,2,0,0
BRDA:36,3,0,0
BRDA:44,4,0,0
BRF:5
BRH:0
end_of_record
