TN:
SF:config.js
FN:7,getDatabaseUri
FNF:1
FNH:1
FNDA:3,getDatabaseUri
DA:1,2
DA:2,2
DA:4,2
DA:8,3
DA:9,3
DA:10,3
DA:13,2
DA:15,2
DA:16,2
DA:17,2
DA:18,2
DA:19,2
DA:21,2
LF:13
LH:13
BRDA:4,0,0,0
BRDA:4,0,1,2
BRF:2
BRH:1
end_of_record
TN:
SF:db.js
FN:10,(anonymous_0)
FNF:1
FNH:0
FNDA:0,(anonymous_0)
DA:1,1
DA:2,1
DA:3,1
DA:5,1
DA:10,1
DA:11,0
DA:12,0
DA:14,0
DA:18,1
LF:9
LH:6
BRDA:11,0,0,0
BRDA:11,0,1,0
BRF:2
BRH:0
end_of_record
TN:
SF:errors.js
FN:2,(anonymous_0)
FNF:1
FNH:1
FNDA:5,(anonymous_0)
DA:3,5
DA:4,5
DA:5,5
DA:11,1
LF:4
LH:4
BRF:0
BRH:0
end_of_record
TN:
SF:models/user.js
FN:20,(anonymous_0)
FN:91,(anonymous_1)
FN:103,(anonymous_2)
FN:125,(anonymous_3)
FN:142,(anonymous_4)
FN:155,(anonymous_5)
FNF:6
FNH:4
FNDA:6,(anonymous_0)
FNDA:0,(anonymous_1)
FNDA:2,(anonymous_2)
FNDA:1,(anonymous_3)
FNDA:1,(anonymous_4)
FNDA:0,(anonymous_5)
DA:1,1
DA:2,1
DA:3,1
DA:4,1
DA:5,1
DA:6,1
DA:7,1
DA:9,1
DA:21,6
DA:22,6
DA:30,6
DA:31,6
DA:37,1
DA:40,5
DA:41,1
DA:44,4
DA:45,1
DA:48,3
DA:49,1
DA:52,2
DA:53,2
DA:54,1
DA:57,1
DA:58,1
DA:60,1
DA:79,1
DA:81,1
DA:92,0
DA:93,0
DA:96,0
DA:97,0
DA:98,0
DA:99,0
DA:104,2
DA:107,2
DA:108,2
DA:109,2
DA:113,2
DA:114,2
DA:126,1
DA:137,1
DA:139,1
DA:143,1
DA:150,1
DA:151,1
DA:152,1
DA:156,0
DA:157,0
DA:158,0
DA:160,0
DA:164,1
LF:51
LH:41
BRDA:40,0,0,1
BRDA:40,0,1,4
BRDA:44,1,0,1
BRDA:44,1,1,3
BRDA:48,2,0,1
BRDA:48,2,1,2
BRDA:53,3,0,1
BRDA:53,3,1,1
BRDA:98,4,0,0
BRDA:98,4,1,0
BRDA:108,5,0,2
BRDA:108,5,1,0
BRDA:113,6,0,2
BRDA:113,6,1,0
BRF:14
BRH:10
end_of_record
TN:
SF:utils/errors.js
FN:2,(anonymous_0)
FN:12,(anonymous_1)
FN:20,(anonymous_2)
FN:28,(anonymous_3)
FN:36,(anonymous_4)
FN:44,(anonymous_5)
FNF:6
FNH:2
FNDA:4,(anonymous_0)
FNDA:4,(anonymous_1)
FNDA:0,(anonymous_2)
FNDA:0,(anonymous_3)
FNDA:0,(anonymous_4)
FNDA:0,(anonymous_5)
DA:3,4
DA:4,4
DA:5,4
DA:13,4
DA:21,0
DA:29,0
DA:37,0
DA:45,0
DA:49,1
LF:9
LH:5
BRDA:12,0,0,0
BRDA:20,1,0,0
BRDA:28,2,0,0
BRDA:36,3,0,0
BRDA:44,4,0,0
BRF:5
BRH:0
end_of_record
TN:
SF:utils/validate.js
FN:3,(anonymous_0)
FN:6,(anonymous_1)
FN:10,(anonymous_2)
FNF:3
FNH:3
FNDA:32,(anonymous_0)
FNDA:6,(anonymous_1)
FNDA:32,(anonymous_2)
DA:1,1
DA:3,1
DA:4,32
DA:6,1
DA:7,6
DA:8,0
DA:10,6
DA:11,32
DA:12,1
DA:19,1
LF:10
LH:9
BRDA:4,0,0,32
BRDA:4,0,1,32
BRDA:4,0,2,32
BRDA:7,1,0,0
BRDA:7,1,1,6
BRDA:11,2,0,1
BRDA:11,2,1,31
BRF:7
BRH:6
end_of_record
